NVIDIA GeForce RTX 3080 Ti
---------Normal Learning ResNet18 on HAM10000----------
     lesion_id      image_id   dx  ...   sex  localization       dataset
0  HAM_0000118  ISIC_0027419  bkl  ...  male         scalp  vidir_modern
1  HAM_0000118  ISIC_0025030  bkl  ...  male         scalp  vidir_modern
2  HAM_0002730  ISIC_0026769  bkl  ...  male         scalp  vidir_modern
3  HAM_0002730  ISIC_0025661  bkl  ...  male         scalp  vidir_modern
4  HAM_0001466  ISIC_0031633  bkl  ...  male           ear  vidir_modern

[5 rows x 8 columns]
Melanocytic nevi                  6705
Melanoma                          1113
Benign keratosis-like lesions     1099
Basal cell carcinoma               514
Actinic keratoses                  327
Vascular lesions                   142
Dermatofibroma                     115
Name: cell_type, dtype: int64
4    6705
5    1113
2    1099
1     514
0     327
6     142
3     115
Name: target, dtype: int64
Number of training examples: 8012
Number of testing examples: 2003
shape of x =  torch.Size([256, 3, 64, 64])
<class 'torch.Tensor'>
We use 4 GPUs
DataParallel(
  (module): ResNet18(
    (conv1): Conv2d(3, 64, kernel_size=(7, 7), stride=(2, 2), padding=(3, 3), bias=False)
    (bn1): BatchNorm2d(64, eps=1e-05, momentum=0.1, affine=True, track_running_stats=True)
    (relu): ReLU(inplace=True)
    (maxpool): MaxPool2d(kernel_size=3, stride=2, padding=1, dilation=1, ceil_mode=False)
    (layer1): Sequential(
      (0): BasicBlock(
        (conv1): Conv2d(64, 64, kernel_size=(3, 3), stride=(1, 1), padding=(1, 1), bias=False)
        (bn1): BatchNorm2d(64, eps=1e-05, momentum=0.1, affine=True, track_running_stats=True)
        (relu): ReLU(inplace=True)
        (conv2): Conv2d(64, 64, kernel_size=(3, 3), stride=(1, 1), padding=(1, 1), bias=False)
        (bn2): BatchNorm2d(64, eps=1e-05, momentum=0.1, affine=True, track_running_stats=True)
      )
      (1): BasicBlock(
        (conv1): Conv2d(64, 64, kernel_size=(3, 3), stride=(1, 1), padding=(1, 1), bias=False)
        (bn1): BatchNorm2d(64, eps=1e-05, momentum=0.1, affine=True, track_running_stats=True)
        (relu): ReLU(inplace=True)
        (conv2): Conv2d(64, 64, kernel_size=(3, 3), stride=(1, 1), padding=(1, 1), bias=False)
        (bn2): BatchNorm2d(64, eps=1e-05, momentum=0.1, affine=True, track_running_stats=True)
      )
    )
    (layer2): Sequential(
      (0): BasicBlock(
        (conv1): Conv2d(64, 128, kernel_size=(3, 3), stride=(2, 2), padding=(1, 1), bias=False)
        (bn1): BatchNorm2d(128, eps=1e-05, momentum=0.1, affine=True, track_running_stats=True)
        (relu): ReLU(inplace=True)
        (conv2): Conv2d(128, 128, kernel_size=(3, 3), stride=(1, 1), padding=(1, 1), bias=False)
        (bn2): BatchNorm2d(128, eps=1e-05, momentum=0.1, affine=True, track_running_stats=True)
        (downsample): Sequential(
          (0): Conv2d(64, 128, kernel_size=(1, 1), stride=(2, 2), bias=False)
          (1): BatchNorm2d(128, eps=1e-05, momentum=0.1, affine=True, track_running_stats=True)
        )
      )
      (1): BasicBlock(
        (conv1): Conv2d(128, 128, kernel_size=(3, 3), stride=(1, 1), padding=(1, 1), bias=False)
        (bn1): BatchNorm2d(128, eps=1e-05, momentum=0.1, affine=True, track_running_stats=True)
        (relu): ReLU(inplace=True)
        (conv2): Conv2d(128, 128, kernel_size=(3, 3), stride=(1, 1), padding=(1, 1), bias=False)
        (bn2): BatchNorm2d(128, eps=1e-05, momentum=0.1, affine=True, track_running_stats=True)
      )
    )
    (layer3): Sequential(
      (0): BasicBlock(
        (conv1): Conv2d(128, 256, kernel_size=(3, 3), stride=(2, 2), padding=(1, 1), bias=False)
        (bn1): BatchNorm2d(256, eps=1e-05, momentum=0.1, affine=True, track_running_stats=True)
        (relu): ReLU(inplace=True)
        (conv2): Conv2d(256, 256, kernel_size=(3, 3), stride=(1, 1), padding=(1, 1), bias=False)
        (bn2): BatchNorm2d(256, eps=1e-05, momentum=0.1, affine=True, track_running_stats=True)
        (downsample): Sequential(
          (0): Conv2d(128, 256, kernel_size=(1, 1), stride=(2, 2), bias=False)
          (1): BatchNorm2d(256, eps=1e-05, momentum=0.1, affine=True, track_running_stats=True)
        )
      )
      (1): BasicBlock(
        (conv1): Conv2d(256, 256, kernel_size=(3, 3), stride=(1, 1), padding=(1, 1), bias=False)
        (bn1): BatchNorm2d(256, eps=1e-05, momentum=0.1, affine=True, track_running_stats=True)
        (relu): ReLU(inplace=True)
        (conv2): Conv2d(256, 256, kernel_size=(3, 3), stride=(1, 1), padding=(1, 1), bias=False)
        (bn2): BatchNorm2d(256, eps=1e-05, momentum=0.1, affine=True, track_running_stats=True)
      )
    )
    (layer4): Sequential(
      (0): BasicBlock(
        (conv1): Conv2d(256, 512, kernel_size=(3, 3), stride=(2, 2), padding=(1, 1), bias=False)
        (bn1): BatchNorm2d(512, eps=1e-05, momentum=0.1, affine=True, track_running_stats=True)
        (relu): ReLU(inplace=True)
        (conv2): Conv2d(512, 512, kernel_size=(3, 3), stride=(1, 1), padding=(1, 1), bias=False)
        (bn2): BatchNorm2d(512, eps=1e-05, momentum=0.1, affine=True, track_running_stats=True)
        (downsample): Sequential(
          (0): Conv2d(256, 512, kernel_size=(1, 1), stride=(2, 2), bias=False)
          (1): BatchNorm2d(512, eps=1e-05, momentum=0.1, affine=True, track_running_stats=True)
        )
      )
      (1): BasicBlock(
        (conv1): Conv2d(512, 512, kernel_size=(3, 3), stride=(1, 1), padding=(1, 1), bias=False)
        (bn1): BatchNorm2d(512, eps=1e-05, momentum=0.1, affine=True, track_running_stats=True)
        (relu): ReLU(inplace=True)
        (conv2): Conv2d(512, 512, kernel_size=(3, 3), stride=(1, 1), padding=(1, 1), bias=False)
        (bn2): BatchNorm2d(512, eps=1e-05, momentum=0.1, affine=True, track_running_stats=True)
      )
    )
    (avgpool): AvgPool2d(kernel_size=2, stride=2, padding=0)
    (fc): Linear(in_features=512, out_features=7, bias=True)
  )
)
[91m Train => Epoch: 0 	 Acc: 63.82% 	 Loss: 1.044[00m
[92m Test =>               	 Acc: 68.72% 	 Loss: 0.855[00m
[91m Train => Epoch: 1 	 Acc: 71.70% 	 Loss: 0.781[00m
[92m Test =>               	 Acc: 70.74% 	 Loss: 0.765[00m
[91m Train => Epoch: 2 	 Acc: 73.08% 	 Loss: 0.733[00m
[92m Test =>               	 Acc: 72.31% 	 Loss: 0.735[00m
[91m Train => Epoch: 3 	 Acc: 74.19% 	 Loss: 0.687[00m
[92m Test =>               	 Acc: 73.63% 	 Loss: 0.703[00m
[91m Train => Epoch: 4 	 Acc: 76.04% 	 Loss: 0.658[00m
[92m Test =>               	 Acc: 74.74% 	 Loss: 0.690[00m
[91m Train => Epoch: 5 	 Acc: 77.19% 	 Loss: 0.631[00m
[92m Test =>               	 Acc: 74.94% 	 Loss: 0.670[00m
[91m Train => Epoch: 6 	 Acc: 77.48% 	 Loss: 0.614[00m
[92m Test =>               	 Acc: 75.17% 	 Loss: 0.634[00m
[91m Train => Epoch: 7 	 Acc: 78.47% 	 Loss: 0.595[00m
[92m Test =>               	 Acc: 75.80% 	 Loss: 0.642[00m
[91m Train => Epoch: 8 	 Acc: 78.81% 	 Loss: 0.565[00m
[92m Test =>               	 Acc: 75.06% 	 Loss: 0.644[00m
[91m Train => Epoch: 9 	 Acc: 78.80% 	 Loss: 0.570[00m
[92m Test =>               	 Acc: 75.12% 	 Loss: 0.651[00m
[91m Train => Epoch: 10 	 Acc: 79.96% 	 Loss: 0.540[00m
[92m Test =>               	 Acc: 76.89% 	 Loss: 0.618[00m
[91m Train => Epoch: 11 	 Acc: 80.34% 	 Loss: 0.526[00m
[92m Test =>               	 Acc: 76.62% 	 Loss: 0.626[00m
[91m Train => Epoch: 12 	 Acc: 80.17% 	 Loss: 0.526[00m
[92m Test =>               	 Acc: 77.00% 	 Loss: 0.615[00m
[91m Train => Epoch: 13 	 Acc: 81.48% 	 Loss: 0.500[00m
[92m Test =>               	 Acc: 75.81% 	 Loss: 0.646[00m
[91m Train => Epoch: 14 	 Acc: 82.13% 	 Loss: 0.474[00m
[92m Test =>               	 Acc: 75.96% 	 Loss: 0.680[00m
[91m Train => Epoch: 15 	 Acc: 82.58% 	 Loss: 0.467[00m
[92m Test =>               	 Acc: 76.72% 	 Loss: 0.644[00m
[91m Train => Epoch: 16 	 Acc: 83.55% 	 Loss: 0.446[00m
[92m Test =>               	 Acc: 75.88% 	 Loss: 0.655[00m
[91m Train => Epoch: 17 	 Acc: 83.76% 	 Loss: 0.443[00m
[92m Test =>               	 Acc: 76.75% 	 Loss: 0.635[00m
[91m Train => Epoch: 18 	 Acc: 84.60% 	 Loss: 0.428[00m
[92m Test =>               	 Acc: 76.52% 	 Loss: 0.658[00m
[91m Train => Epoch: 19 	 Acc: 85.04% 	 Loss: 0.415[00m
[92m Test =>               	 Acc: 76.46% 	 Loss: 0.663[00m
[91m Train => Epoch: 20 	 Acc: 85.14% 	 Loss: 0.399[00m
[92m Test =>               	 Acc: 76.69% 	 Loss: 0.693[00m
[91m Train => Epoch: 21 	 Acc: 85.72% 	 Loss: 0.381[00m
[92m Test =>               	 Acc: 74.85% 	 Loss: 0.699[00m
[91m Train => Epoch: 22 	 Acc: 86.09% 	 Loss: 0.383[00m
[92m Test =>               	 Acc: 76.25% 	 Loss: 0.683[00m
[91m Train => Epoch: 23 	 Acc: 87.05% 	 Loss: 0.350[00m
[92m Test =>               	 Acc: 75.57% 	 Loss: 0.690[00m
[91m Train => Epoch: 24 	 Acc: 87.56% 	 Loss: 0.338[00m
[92m Test =>               	 Acc: 75.48% 	 Loss: 0.718[00m
[91m Train => Epoch: 25 	 Acc: 88.19% 	 Loss: 0.326[00m
[92m Test =>               	 Acc: 75.88% 	 Loss: 0.703[00m
[91m Train => Epoch: 26 	 Acc: 87.84% 	 Loss: 0.323[00m
[92m Test =>               	 Acc: 76.01% 	 Loss: 0.681[00m
[91m Train => Epoch: 27 	 Acc: 89.16% 	 Loss: 0.306[00m
[92m Test =>               	 Acc: 77.43% 	 Loss: 0.728[00m
[91m Train => Epoch: 28 	 Acc: 88.41% 	 Loss: 0.306[00m
[92m Test =>               	 Acc: 76.95% 	 Loss: 0.734[00m
[91m Train => Epoch: 29 	 Acc: 89.32% 	 Loss: 0.288[00m
[92m Test =>               	 Acc: 77.52% 	 Loss: 0.757[00m
[91m Train => Epoch: 30 	 Acc: 89.87% 	 Loss: 0.270[00m
[92m Test =>               	 Acc: 75.94% 	 Loss: 0.762[00m
[91m Train => Epoch: 31 	 Acc: 90.42% 	 Loss: 0.257[00m
[92m Test =>               	 Acc: 76.67% 	 Loss: 0.763[00m
[91m Train => Epoch: 32 	 Acc: 90.76% 	 Loss: 0.250[00m
[92m Test =>               	 Acc: 75.73% 	 Loss: 0.765[00m
[91m Train => Epoch: 33 	 Acc: 90.41% 	 Loss: 0.254[00m
[92m Test =>               	 Acc: 75.86% 	 Loss: 0.842[00m
[91m Train => Epoch: 34 	 Acc: 91.55% 	 Loss: 0.226[00m
[92m Test =>               	 Acc: 76.25% 	 Loss: 0.824[00m
[91m Train => Epoch: 35 	 Acc: 90.96% 	 Loss: 0.247[00m
[92m Test =>               	 Acc: 76.19% 	 Loss: 0.809[00m
[91m Train => Epoch: 36 	 Acc: 91.87% 	 Loss: 0.223[00m
[92m Test =>               	 Acc: 75.64% 	 Loss: 0.812[00m
[91m Train => Epoch: 37 	 Acc: 92.57% 	 Loss: 0.202[00m
[92m Test =>               	 Acc: 75.28% 	 Loss: 0.871[00m
[91m Train => Epoch: 38 	 Acc: 92.54% 	 Loss: 0.201[00m
[92m Test =>               	 Acc: 76.73% 	 Loss: 0.862[00m
[91m Train => Epoch: 39 	 Acc: 93.00% 	 Loss: 0.196[00m
[92m Test =>               	 Acc: 77.07% 	 Loss: 0.865[00m
[91m Train => Epoch: 40 	 Acc: 93.07% 	 Loss: 0.189[00m
[92m Test =>               	 Acc: 75.45% 	 Loss: 0.874[00m
[91m Train => Epoch: 41 	 Acc: 93.67% 	 Loss: 0.173[00m
[92m Test =>               	 Acc: 76.40% 	 Loss: 0.864[00m
[91m Train => Epoch: 42 	 Acc: 93.85% 	 Loss: 0.167[00m
[92m Test =>               	 Acc: 75.52% 	 Loss: 0.893[00m
[91m Train => Epoch: 43 	 Acc: 93.93% 	 Loss: 0.165[00m
[92m Test =>               	 Acc: 76.11% 	 Loss: 0.935[00m
[91m Train => Epoch: 44 	 Acc: 94.06% 	 Loss: 0.161[00m
[92m Test =>               	 Acc: 76.57% 	 Loss: 0.897[00m
[91m Train => Epoch: 45 	 Acc: 94.50% 	 Loss: 0.155[00m
[92m Test =>               	 Acc: 75.04% 	 Loss: 0.912[00m
[91m Train => Epoch: 46 	 Acc: 94.40% 	 Loss: 0.155[00m
[92m Test =>               	 Acc: 76.36% 	 Loss: 0.904[00m
[91m Train => Epoch: 47 	 Acc: 94.98% 	 Loss: 0.139[00m
[92m Test =>               	 Acc: 75.70% 	 Loss: 0.943[00m
[91m Train => Epoch: 48 	 Acc: 94.83% 	 Loss: 0.135[00m
[92m Test =>               	 Acc: 76.55% 	 Loss: 0.990[00m
[91m Train => Epoch: 49 	 Acc: 95.24% 	 Loss: 0.132[00m
[92m Test =>               	 Acc: 75.81% 	 Loss: 0.932[00m
[91m Train => Epoch: 50 	 Acc: 95.68% 	 Loss: 0.120[00m
[92m Test =>               	 Acc: 75.44% 	 Loss: 0.962[00m
[91m Train => Epoch: 51 	 Acc: 95.10% 	 Loss: 0.127[00m
[92m Test =>               	 Acc: 76.63% 	 Loss: 0.953[00m
[91m Train => Epoch: 52 	 Acc: 95.34% 	 Loss: 0.128[00m
[92m Test =>               	 Acc: 76.19% 	 Loss: 0.975[00m
[91m Train => Epoch: 53 	 Acc: 95.48% 	 Loss: 0.128[00m
[92m Test =>               	 Acc: 76.07% 	 Loss: 0.949[00m
[91m Train => Epoch: 54 	 Acc: 95.79% 	 Loss: 0.119[00m
[92m Test =>               	 Acc: 76.48% 	 Loss: 1.006[00m
[91m Train => Epoch: 55 	 Acc: 96.25% 	 Loss: 0.104[00m
[92m Test =>               	 Acc: 75.82% 	 Loss: 1.022[00m
[91m Train => Epoch: 56 	 Acc: 96.06% 	 Loss: 0.109[00m
[92m Test =>               	 Acc: 75.77% 	 Loss: 1.041[00m
[91m Train => Epoch: 57 	 Acc: 96.42% 	 Loss: 0.109[00m
[92m Test =>               	 Acc: 75.53% 	 Loss: 0.974[00m
[91m Train => Epoch: 58 	 Acc: 96.79% 	 Loss: 0.088[00m
[92m Test =>               	 Acc: 76.86% 	 Loss: 1.016[00m
[91m Train => Epoch: 59 	 Acc: 96.73% 	 Loss: 0.092[00m
[92m Test =>               	 Acc: 76.11% 	 Loss: 1.084[00m
[91m Train => Epoch: 60 	 Acc: 96.63% 	 Loss: 0.093[00m
[92m Test =>               	 Acc: 76.69% 	 Loss: 1.059[00m
[91m Train => Epoch: 61 	 Acc: 96.76% 	 Loss: 0.094[00m
[92m Test =>               	 Acc: 76.08% 	 Loss: 1.057[00m
[91m Train => Epoch: 62 	 Acc: 96.26% 	 Loss: 0.099[00m
[92m Test =>               	 Acc: 77.09% 	 Loss: 1.079[00m
[91m Train => Epoch: 63 	 Acc: 96.49% 	 Loss: 0.103[00m
[92m Test =>               	 Acc: 77.58% 	 Loss: 1.025[00m
[91m Train => Epoch: 64 	 Acc: 96.48% 	 Loss: 0.101[00m
[92m Test =>               	 Acc: 74.35% 	 Loss: 1.062[00m
[91m Train => Epoch: 65 	 Acc: 96.51% 	 Loss: 0.099[00m
[92m Test =>               	 Acc: 75.11% 	 Loss: 1.072[00m
[91m Train => Epoch: 66 	 Acc: 96.76% 	 Loss: 0.090[00m
[92m Test =>               	 Acc: 76.82% 	 Loss: 1.088[00m
[91m Train => Epoch: 67 	 Acc: 97.35% 	 Loss: 0.077[00m
[92m Test =>               	 Acc: 77.68% 	 Loss: 1.044[00m
[91m Train => Epoch: 68 	 Acc: 97.28% 	 Loss: 0.078[00m
[92m Test =>               	 Acc: 76.72% 	 Loss: 1.055[00m
[91m Train => Epoch: 69 	 Acc: 96.26% 	 Loss: 0.099[00m
[92m Test =>               	 Acc: 77.06% 	 Loss: 1.005[00m
[91m Train => Epoch: 70 	 Acc: 96.85% 	 Loss: 0.090[00m
[92m Test =>               	 Acc: 76.07% 	 Loss: 1.089[00m
[91m Train => Epoch: 71 	 Acc: 97.34% 	 Loss: 0.074[00m
[92m Test =>               	 Acc: 75.41% 	 Loss: 1.073[00m
[91m Train => Epoch: 72 	 Acc: 97.26% 	 Loss: 0.077[00m
[92m Test =>               	 Acc: 75.41% 	 Loss: 1.010[00m
[91m Train => Epoch: 73 	 Acc: 97.02% 	 Loss: 0.088[00m
[92m Test =>               	 Acc: 76.61% 	 Loss: 1.046[00m
[91m Train => Epoch: 74 	 Acc: 96.97% 	 Loss: 0.087[00m
[92m Test =>               	 Acc: 76.81% 	 Loss: 1.118[00m
[91m Train => Epoch: 75 	 Acc: 96.82% 	 Loss: 0.089[00m
[92m Test =>               	 Acc: 74.82% 	 Loss: 1.102[00m
[91m Train => Epoch: 76 	 Acc: 97.25% 	 Loss: 0.077[00m
[92m Test =>               	 Acc: 76.65% 	 Loss: 1.084[00m
[91m Train => Epoch: 77 	 Acc: 97.44% 	 Loss: 0.071[00m
[92m Test =>               	 Acc: 75.86% 	 Loss: 1.052[00m
[91m Train => Epoch: 78 	 Acc: 98.07% 	 Loss: 0.054[00m
[92m Test =>               	 Acc: 76.97% 	 Loss: 1.060[00m
[91m Train => Epoch: 79 	 Acc: 98.05% 	 Loss: 0.055[00m
[92m Test =>               	 Acc: 77.11% 	 Loss: 1.091[00m
[91m Train => Epoch: 80 	 Acc: 97.98% 	 Loss: 0.054[00m
[92m Test =>               	 Acc: 77.71% 	 Loss: 1.095[00m
[91m Train => Epoch: 81 	 Acc: 97.78% 	 Loss: 0.066[00m
[92m Test =>               	 Acc: 77.48% 	 Loss: 1.120[00m
[91m Train => Epoch: 82 	 Acc: 98.03% 	 Loss: 0.060[00m
[92m Test =>               	 Acc: 76.36% 	 Loss: 1.114[00m
[91m Train => Epoch: 83 	 Acc: 97.93% 	 Loss: 0.066[00m
[92m Test =>               	 Acc: 76.10% 	 Loss: 1.120[00m
[91m Train => Epoch: 84 	 Acc: 97.73% 	 Loss: 0.065[00m
[92m Test =>               	 Acc: 76.54% 	 Loss: 1.071[00m
[91m Train => Epoch: 85 	 Acc: 98.09% 	 Loss: 0.050[00m
[92m Test =>               	 Acc: 77.83% 	 Loss: 1.113[00m
[91m Train => Epoch: 86 	 Acc: 97.87% 	 Loss: 0.066[00m
[92m Test =>               	 Acc: 75.13% 	 Loss: 1.141[00m
[91m Train => Epoch: 87 	 Acc: 98.45% 	 Loss: 0.049[00m
[92m Test =>               	 Acc: 76.73% 	 Loss: 1.153[00m
[91m Train => Epoch: 88 	 Acc: 98.10% 	 Loss: 0.057[00m
[92m Test =>               	 Acc: 77.11% 	 Loss: 1.195[00m
[91m Train => Epoch: 89 	 Acc: 98.09% 	 Loss: 0.057[00m
[92m Test =>               	 Acc: 77.20% 	 Loss: 1.142[00m
[91m Train => Epoch: 90 	 Acc: 98.22% 	 Loss: 0.051[00m
[92m Test =>               	 Acc: 76.81% 	 Loss: 1.128[00m
[91m Train => Epoch: 91 	 Acc: 97.79% 	 Loss: 0.059[00m
[92m Test =>               	 Acc: 76.13% 	 Loss: 1.234[00m
[91m Train => Epoch: 92 	 Acc: 98.30% 	 Loss: 0.049[00m
[92m Test =>               	 Acc: 76.60% 	 Loss: 1.145[00m
[91m Train => Epoch: 93 	 Acc: 97.25% 	 Loss: 0.071[00m
[92m Test =>               	 Acc: 77.12% 	 Loss: 1.226[00m
[91m Train => Epoch: 94 	 Acc: 97.61% 	 Loss: 0.062[00m
[92m Test =>               	 Acc: 77.15% 	 Loss: 1.196[00m
[91m Train => Epoch: 95 	 Acc: 98.20% 	 Loss: 0.054[00m
[92m Test =>               	 Acc: 77.42% 	 Loss: 1.140[00m
[91m Train => Epoch: 96 	 Acc: 98.51% 	 Loss: 0.045[00m
[92m Test =>               	 Acc: 76.86% 	 Loss: 1.184[00m
[91m Train => Epoch: 97 	 Acc: 98.43% 	 Loss: 0.047[00m
[92m Test =>               	 Acc: 76.85% 	 Loss: 1.121[00m
[91m Train => Epoch: 98 	 Acc: 98.15% 	 Loss: 0.051[00m
[92m Test =>               	 Acc: 76.33% 	 Loss: 1.161[00m
[91m Train => Epoch: 99 	 Acc: 98.11% 	 Loss: 0.052[00m
[92m Test =>               	 Acc: 77.08% 	 Loss: 1.120[00m
[91m Train => Epoch: 100 	 Acc: 98.52% 	 Loss: 0.043[00m
[92m Test =>               	 Acc: 76.88% 	 Loss: 1.119[00m
[91m Train => Epoch: 101 	 Acc: 98.47% 	 Loss: 0.044[00m
[92m Test =>               	 Acc: 77.10% 	 Loss: 1.232[00m
[91m Train => Epoch: 102 	 Acc: 98.76% 	 Loss: 0.037[00m
[92m Test =>               	 Acc: 77.50% 	 Loss: 1.167[00m
[91m Train => Epoch: 103 	 Acc: 98.52% 	 Loss: 0.041[00m
[92m Test =>               	 Acc: 77.84% 	 Loss: 1.148[00m
[91m Train => Epoch: 104 	 Acc: 98.72% 	 Loss: 0.037[00m
[92m Test =>               	 Acc: 76.22% 	 Loss: 1.169[00m
[91m Train => Epoch: 105 	 Acc: 98.48% 	 Loss: 0.044[00m
[92m Test =>               	 Acc: 76.01% 	 Loss: 1.168[00m
[91m Train => Epoch: 106 	 Acc: 98.61% 	 Loss: 0.043[00m
[92m Test =>               	 Acc: 77.36% 	 Loss: 1.116[00m
[91m Train => Epoch: 107 	 Acc: 98.37% 	 Loss: 0.045[00m
[92m Test =>               	 Acc: 77.42% 	 Loss: 1.082[00m
[91m Train => Epoch: 108 	 Acc: 98.46% 	 Loss: 0.044[00m
[92m Test =>               	 Acc: 76.75% 	 Loss: 1.214[00m
[91m Train => Epoch: 109 	 Acc: 98.04% 	 Loss: 0.056[00m
[92m Test =>               	 Acc: 77.88% 	 Loss: 1.148[00m
[91m Train => Epoch: 110 	 Acc: 98.35% 	 Loss: 0.045[00m
[92m Test =>               	 Acc: 76.92% 	 Loss: 1.180[00m
[91m Train => Epoch: 111 	 Acc: 98.48% 	 Loss: 0.045[00m
[92m Test =>               	 Acc: 76.73% 	 Loss: 1.142[00m
[91m Train => Epoch: 112 	 Acc: 98.23% 	 Loss: 0.048[00m
[92m Test =>               	 Acc: 76.83% 	 Loss: 1.212[00m
[91m Train => Epoch: 113 	 Acc: 98.29% 	 Loss: 0.050[00m
[92m Test =>               	 Acc: 78.18% 	 Loss: 1.168[00m
[91m Train => Epoch: 114 	 Acc: 98.23% 	 Loss: 0.049[00m
[92m Test =>               	 Acc: 78.20% 	 Loss: 1.140[00m
[91m Train => Epoch: 115 	 Acc: 98.17% 	 Loss: 0.051[00m
[92m Test =>               	 Acc: 77.56% 	 Loss: 1.127[00m
[91m Train => Epoch: 116 	 Acc: 98.09% 	 Loss: 0.053[00m
[92m Test =>               	 Acc: 78.08% 	 Loss: 1.103[00m
[91m Train => Epoch: 117 	 Acc: 98.45% 	 Loss: 0.044[00m
[92m Test =>               	 Acc: 76.95% 	 Loss: 1.152[00m
[91m Train => Epoch: 118 	 Acc: 98.13% 	 Loss: 0.051[00m
[92m Test =>               	 Acc: 77.42% 	 Loss: 1.229[00m
[91m Train => Epoch: 119 	 Acc: 98.53% 	 Loss: 0.047[00m
[92m Test =>               	 Acc: 77.14% 	 Loss: 1.220[00m
[91m Train => Epoch: 120 	 Acc: 98.33% 	 Loss: 0.049[00m
[92m Test =>               	 Acc: 76.86% 	 Loss: 1.145[00m
[91m Train => Epoch: 121 	 Acc: 98.61% 	 Loss: 0.045[00m
[92m Test =>               	 Acc: 76.36% 	 Loss: 1.139[00m
[91m Train => Epoch: 122 	 Acc: 98.49% 	 Loss: 0.048[00m
[92m Test =>               	 Acc: 77.60% 	 Loss: 1.147[00m
[91m Train => Epoch: 123 	 Acc: 98.63% 	 Loss: 0.040[00m
[92m Test =>               	 Acc: 77.61% 	 Loss: 1.203[00m
[91m Train => Epoch: 124 	 Acc: 98.76% 	 Loss: 0.036[00m
[92m Test =>               	 Acc: 76.89% 	 Loss: 1.157[00m
[91m Train => Epoch: 125 	 Acc: 98.87% 	 Loss: 0.036[00m
[92m Test =>               	 Acc: 78.25% 	 Loss: 1.263[00m
[91m Train => Epoch: 126 	 Acc: 98.92% 	 Loss: 0.032[00m
[92m Test =>               	 Acc: 77.49% 	 Loss: 1.242[00m
[91m Train => Epoch: 127 	 Acc: 98.84% 	 Loss: 0.035[00m
[92m Test =>               	 Acc: 76.70% 	 Loss: 1.262[00m
[91m Train => Epoch: 128 	 Acc: 98.66% 	 Loss: 0.040[00m
[92m Test =>               	 Acc: 77.37% 	 Loss: 1.166[00m
[91m Train => Epoch: 129 	 Acc: 98.68% 	 Loss: 0.040[00m
[92m Test =>               	 Acc: 77.08% 	 Loss: 1.184[00m
[91m Train => Epoch: 130 	 Acc: 98.72% 	 Loss: 0.033[00m
[92m Test =>               	 Acc: 76.51% 	 Loss: 1.219[00m
[91m Train => Epoch: 131 	 Acc: 98.52% 	 Loss: 0.046[00m
[92m Test =>               	 Acc: 77.20% 	 Loss: 1.205[00m
[91m Train => Epoch: 132 	 Acc: 98.20% 	 Loss: 0.050[00m
[92m Test =>               	 Acc: 76.87% 	 Loss: 1.223[00m
[91m Train => Epoch: 133 	 Acc: 98.05% 	 Loss: 0.051[00m
[92m Test =>               	 Acc: 77.43% 	 Loss: 1.195[00m
[91m Train => Epoch: 134 	 Acc: 98.84% 	 Loss: 0.037[00m
[92m Test =>               	 Acc: 77.05% 	 Loss: 1.190[00m
[91m Train => Epoch: 135 	 Acc: 98.48% 	 Loss: 0.042[00m
[92m Test =>               	 Acc: 76.74% 	 Loss: 1.298[00m
[91m Train => Epoch: 136 	 Acc: 98.74% 	 Loss: 0.037[00m
[92m Test =>               	 Acc: 76.38% 	 Loss: 1.248[00m
[91m Train => Epoch: 137 	 Acc: 98.71% 	 Loss: 0.040[00m
[92m Test =>               	 Acc: 77.26% 	 Loss: 1.152[00m
[91m Train => Epoch: 138 	 Acc: 98.86% 	 Loss: 0.033[00m
[92m Test =>               	 Acc: 76.93% 	 Loss: 1.237[00m
[91m Train => Epoch: 139 	 Acc: 98.91% 	 Loss: 0.037[00m
[92m Test =>               	 Acc: 76.88% 	 Loss: 1.180[00m
[91m Train => Epoch: 140 	 Acc: 98.52% 	 Loss: 0.044[00m
[92m Test =>               	 Acc: 77.10% 	 Loss: 1.219[00m
[91m Train => Epoch: 141 	 Acc: 98.20% 	 Loss: 0.052[00m
[92m Test =>               	 Acc: 77.81% 	 Loss: 1.146[00m
[91m Train => Epoch: 142 	 Acc: 98.83% 	 Loss: 0.034[00m
[92m Test =>               	 Acc: 77.99% 	 Loss: 1.199[00m
[91m Train => Epoch: 143 	 Acc: 98.47% 	 Loss: 0.042[00m
[92m Test =>               	 Acc: 78.74% 	 Loss: 1.234[00m
[91m Train => Epoch: 144 	 Acc: 98.75% 	 Loss: 0.038[00m
[92m Test =>               	 Acc: 77.72% 	 Loss: 1.176[00m
[91m Train => Epoch: 145 	 Acc: 98.61% 	 Loss: 0.041[00m
[92m Test =>               	 Acc: 76.83% 	 Loss: 1.236[00m
[91m Train => Epoch: 146 	 Acc: 98.99% 	 Loss: 0.031[00m
[92m Test =>               	 Acc: 77.41% 	 Loss: 1.191[00m
[91m Train => Epoch: 147 	 Acc: 99.19% 	 Loss: 0.023[00m
[92m Test =>               	 Acc: 78.09% 	 Loss: 1.189[00m
[91m Train => Epoch: 148 	 Acc: 98.86% 	 Loss: 0.034[00m
[92m Test =>               	 Acc: 77.78% 	 Loss: 1.205[00m
[91m Train => Epoch: 149 	 Acc: 98.85% 	 Loss: 0.033[00m
[92m Test =>               	 Acc: 77.88% 	 Loss: 1.286[00m
[91m Train => Epoch: 150 	 Acc: 98.38% 	 Loss: 0.045[00m
[92m Test =>               	 Acc: 77.43% 	 Loss: 1.296[00m
[91m Train => Epoch: 151 	 Acc: 98.48% 	 Loss: 0.046[00m
[92m Test =>               	 Acc: 77.22% 	 Loss: 1.132[00m
[91m Train => Epoch: 152 	 Acc: 98.81% 	 Loss: 0.036[00m
[92m Test =>               	 Acc: 78.56% 	 Loss: 1.203[00m
[91m Train => Epoch: 153 	 Acc: 98.95% 	 Loss: 0.032[00m
[92m Test =>               	 Acc: 77.22% 	 Loss: 1.224[00m
[91m Train => Epoch: 154 	 Acc: 99.41% 	 Loss: 0.022[00m
[92m Test =>               	 Acc: 77.08% 	 Loss: 1.252[00m
[91m Train => Epoch: 155 	 Acc: 99.26% 	 Loss: 0.024[00m
[92m Test =>               	 Acc: 77.11% 	 Loss: 1.278[00m
[91m Train => Epoch: 156 	 Acc: 99.24% 	 Loss: 0.024[00m
[92m Test =>               	 Acc: 77.56% 	 Loss: 1.334[00m
[91m Train => Epoch: 157 	 Acc: 98.96% 	 Loss: 0.030[00m
[92m Test =>               	 Acc: 77.61% 	 Loss: 1.271[00m
[91m Train => Epoch: 158 	 Acc: 98.79% 	 Loss: 0.038[00m
[92m Test =>               	 Acc: 76.64% 	 Loss: 1.246[00m
[91m Train => Epoch: 159 	 Acc: 98.96% 	 Loss: 0.027[00m
[92m Test =>               	 Acc: 78.05% 	 Loss: 1.224[00m
[91m Train => Epoch: 160 	 Acc: 99.01% 	 Loss: 0.031[00m
[92m Test =>               	 Acc: 76.74% 	 Loss: 1.258[00m
[91m Train => Epoch: 161 	 Acc: 99.17% 	 Loss: 0.027[00m
[92m Test =>               	 Acc: 77.73% 	 Loss: 1.286[00m
[91m Train => Epoch: 162 	 Acc: 99.18% 	 Loss: 0.023[00m
[92m Test =>               	 Acc: 77.27% 	 Loss: 1.275[00m
[91m Train => Epoch: 163 	 Acc: 99.19% 	 Loss: 0.026[00m
[92m Test =>               	 Acc: 76.96% 	 Loss: 1.313[00m
[91m Train => Epoch: 164 	 Acc: 98.66% 	 Loss: 0.041[00m
[92m Test =>               	 Acc: 77.79% 	 Loss: 1.423[00m
[91m Train => Epoch: 165 	 Acc: 98.14% 	 Loss: 0.052[00m
[92m Test =>               	 Acc: 77.26% 	 Loss: 1.331[00m
[91m Train => Epoch: 166 	 Acc: 98.61% 	 Loss: 0.037[00m
[92m Test =>               	 Acc: 76.47% 	 Loss: 1.242[00m
[91m Train => Epoch: 167 	 Acc: 98.51% 	 Loss: 0.042[00m
[92m Test =>               	 Acc: 76.95% 	 Loss: 1.251[00m
[91m Train => Epoch: 168 	 Acc: 99.23% 	 Loss: 0.027[00m
[92m Test =>               	 Acc: 76.99% 	 Loss: 1.245[00m
[91m Train => Epoch: 169 	 Acc: 99.21% 	 Loss: 0.023[00m
[92m Test =>               	 Acc: 77.65% 	 Loss: 1.232[00m
[91m Train => Epoch: 170 	 Acc: 99.45% 	 Loss: 0.017[00m
[92m Test =>               	 Acc: 77.19% 	 Loss: 1.341[00m
[91m Train => Epoch: 171 	 Acc: 99.30% 	 Loss: 0.020[00m
[92m Test =>               	 Acc: 78.21% 	 Loss: 1.285[00m
[91m Train => Epoch: 172 	 Acc: 98.88% 	 Loss: 0.031[00m
[92m Test =>               	 Acc: 77.28% 	 Loss: 1.236[00m
[91m Train => Epoch: 173 	 Acc: 98.77% 	 Loss: 0.037[00m
[92m Test =>               	 Acc: 76.44% 	 Loss: 1.268[00m
[91m Train => Epoch: 174 	 Acc: 99.17% 	 Loss: 0.026[00m
[92m Test =>               	 Acc: 77.00% 	 Loss: 1.271[00m
[91m Train => Epoch: 175 	 Acc: 99.16% 	 Loss: 0.024[00m
[92m Test =>               	 Acc: 76.60% 	 Loss: 1.294[00m
[91m Train => Epoch: 176 	 Acc: 98.86% 	 Loss: 0.032[00m
[92m Test =>               	 Acc: 77.20% 	 Loss: 1.324[00m
[91m Train => Epoch: 177 	 Acc: 98.95% 	 Loss: 0.031[00m
[92m Test =>               	 Acc: 76.44% 	 Loss: 1.309[00m
[91m Train => Epoch: 178 	 Acc: 99.02% 	 Loss: 0.028[00m
[92m Test =>               	 Acc: 75.92% 	 Loss: 1.312[00m
[91m Train => Epoch: 179 	 Acc: 98.69% 	 Loss: 0.037[00m
[92m Test =>               	 Acc: 75.24% 	 Loss: 1.364[00m
[91m Train => Epoch: 180 	 Acc: 98.71% 	 Loss: 0.037[00m
[92m Test =>               	 Acc: 78.09% 	 Loss: 1.235[00m
[91m Train => Epoch: 181 	 Acc: 98.92% 	 Loss: 0.031[00m
[92m Test =>               	 Acc: 77.22% 	 Loss: 1.244[00m
[91m Train => Epoch: 182 	 Acc: 99.11% 	 Loss: 0.024[00m
[92m Test =>               	 Acc: 77.92% 	 Loss: 1.225[00m
[91m Train => Epoch: 183 	 Acc: 98.72% 	 Loss: 0.035[00m
[92m Test =>               	 Acc: 76.92% 	 Loss: 1.231[00m
[91m Train => Epoch: 184 	 Acc: 98.63% 	 Loss: 0.040[00m
[92m Test =>               	 Acc: 77.03% 	 Loss: 1.329[00m
[91m Train => Epoch: 185 	 Acc: 98.92% 	 Loss: 0.031[00m
[92m Test =>               	 Acc: 77.44% 	 Loss: 1.340[00m
[91m Train => Epoch: 186 	 Acc: 98.84% 	 Loss: 0.034[00m
[92m Test =>               	 Acc: 77.52% 	 Loss: 1.260[00m
[91m Train => Epoch: 187 	 Acc: 98.72% 	 Loss: 0.034[00m
[92m Test =>               	 Acc: 78.18% 	 Loss: 1.283[00m
[91m Train => Epoch: 188 	 Acc: 98.97% 	 Loss: 0.030[00m
[92m Test =>               	 Acc: 77.78% 	 Loss: 1.299[00m
[91m Train => Epoch: 189 	 Acc: 99.24% 	 Loss: 0.022[00m
[92m Test =>               	 Acc: 77.67% 	 Loss: 1.299[00m
[91m Train => Epoch: 190 	 Acc: 99.03% 	 Loss: 0.028[00m
[92m Test =>               	 Acc: 77.23% 	 Loss: 1.238[00m
[91m Train => Epoch: 191 	 Acc: 99.14% 	 Loss: 0.024[00m
[92m Test =>               	 Acc: 77.84% 	 Loss: 1.341[00m
[91m Train => Epoch: 192 	 Acc: 99.28% 	 Loss: 0.020[00m
[92m Test =>               	 Acc: 77.45% 	 Loss: 1.378[00m
[91m Train => Epoch: 193 	 Acc: 99.12% 	 Loss: 0.024[00m
[92m Test =>               	 Acc: 77.64% 	 Loss: 1.333[00m
[91m Train => Epoch: 194 	 Acc: 99.25% 	 Loss: 0.021[00m
[92m Test =>               	 Acc: 77.41% 	 Loss: 1.323[00m
[91m Train => Epoch: 195 	 Acc: 98.40% 	 Loss: 0.049[00m
[92m Test =>               	 Acc: 77.71% 	 Loss: 1.276[00m
[91m Train => Epoch: 196 	 Acc: 99.03% 	 Loss: 0.030[00m
[92m Test =>               	 Acc: 77.17% 	 Loss: 1.245[00m
[91m Train => Epoch: 197 	 Acc: 99.03% 	 Loss: 0.029[00m
[92m Test =>               	 Acc: 77.46% 	 Loss: 1.293[00m
[91m Train => Epoch: 198 	 Acc: 98.92% 	 Loss: 0.031[00m
[92m Test =>               	 Acc: 78.34% 	 Loss: 1.246[00m
[91m Train => Epoch: 199 	 Acc: 98.95% 	 Loss: 0.032[00m
[92m Test =>               	 Acc: 77.06% 	 Loss: 1.271[00m
Total Training Time: 3097.17 min
Training and Evaluation completed!
